mode: set
code-analyser/runners/framework.go:13.145,15.64 2 1
code-analyser/runners/framework.go:29.2,29.18 1 1
code-analyser/runners/framework.go:15.64,16.86 1 1
code-analyser/runners/framework.go:16.86,17.63 1 1
code-analyser/runners/framework.go:17.63,18.69 1 1
code-analyser/runners/framework.go:18.69,19.77 1 1
code-analyser/runners/framework.go:19.77,24.7 1 1
code-analyser/runners/framework.go:34.132,36.61 2 1
code-analyser/runners/framework.go:42.2,42.25 1 1
code-analyser/runners/framework.go:36.61,38.20 2 1
code-analyser/runners/framework.go:38.20,40.4 1 1
code-analyser/runners/framework.go:46.142,48.22 2 1
code-analyser/runners/framework.go:51.2,55.39 2 1
code-analyser/runners/framework.go:59.2,59.18 1 1
code-analyser/runners/framework.go:85.2,85.12 1 1
code-analyser/runners/framework.go:48.22,50.3 1 0
code-analyser/runners/framework.go:55.39,58.3 2 1
code-analyser/runners/framework.go:59.18,64.43 2 1
code-analyser/runners/framework.go:68.3,68.22 1 1
code-analyser/runners/framework.go:64.43,67.4 2 0
code-analyser/runners/framework.go:68.22,73.44 2 1
code-analyser/runners/framework.go:77.4,82.5 1 1
code-analyser/runners/framework.go:73.44,76.5 2 0
code-analyser/runners/orm.go:13.139,15.53 2 1
code-analyser/runners/orm.go:27.2,27.12 1 1
code-analyser/runners/orm.go:15.53,16.51 1 1
code-analyser/runners/orm.go:16.51,17.53 1 1
code-analyser/runners/orm.go:17.53,18.63 1 1
code-analyser/runners/orm.go:18.63,23.6 1 1
code-analyser/runners/orm.go:31.112,36.43 2 1
code-analyser/runners/orm.go:43.2,43.20 1 1
code-analyser/runners/orm.go:36.43,38.21 2 1
code-analyser/runners/orm.go:38.21,41.4 2 1
code-analyser/runners/orm.go:47.119,49.22 2 1
code-analyser/runners/orm.go:52.2,56.39 2 1
code-analyser/runners/orm.go:61.2,61.18 1 1
code-analyser/runners/orm.go:77.2,77.12 1 0
code-analyser/runners/orm.go:49.22,51.3 1 0
code-analyser/runners/orm.go:56.39,59.3 2 1
code-analyser/runners/orm.go:61.18,66.43 2 1
code-analyser/runners/orm.go:70.3,70.21 1 1
code-analyser/runners/orm.go:66.43,69.4 2 0
code-analyser/runners/orm.go:70.21,75.4 1 1
code-analyser/runners/env.go:12.125,15.22 2 1
code-analyser/runners/env.go:19.2,23.42 2 1
code-analyser/runners/env.go:28.2,31.60 2 1
code-analyser/runners/env.go:36.2,36.19 1 1
code-analyser/runners/env.go:15.22,17.3 1 0
code-analyser/runners/env.go:23.42,26.3 2 1
code-analyser/runners/env.go:31.60,35.3 3 1
code-analyser/runners/language.go:38.104,42.16 3 1
code-analyser/runners/language.go:46.2,46.33 1 1
code-analyser/runners/language.go:51.2,51.22 1 1
code-analyser/runners/language.go:54.2,54.29 1 1
code-analyser/runners/language.go:42.16,45.3 2 0
code-analyser/runners/language.go:46.33,49.3 2 0
code-analyser/runners/language.go:51.22,53.3 1 0
code-analyser/runners/language.go:57.145,59.22 2 0
code-analyser/runners/language.go:62.2,63.16 2 0
code-analyser/runners/language.go:67.2,67.28 1 0
code-analyser/runners/language.go:71.2,71.24 1 0
code-analyser/runners/language.go:59.22,61.3 1 0
code-analyser/runners/language.go:63.16,66.3 2 0
code-analyser/runners/language.go:67.28,70.3 2 0
code-analyser/runners/language.go:74.164,76.22 2 1
code-analyser/runners/language.go:79.2,80.16 2 1
code-analyser/runners/language.go:84.2,84.28 1 1
code-analyser/runners/language.go:88.2,91.33 2 1
code-analyser/runners/language.go:94.2,94.32 1 1
code-analyser/runners/language.go:76.22,78.3 1 0
code-analyser/runners/language.go:80.16,83.3 2 0
code-analyser/runners/language.go:84.28,87.3 2 0
code-analyser/runners/language.go:91.33,93.3 1 1
code-analyser/runners/language.go:97.160,99.22 2 0
code-analyser/runners/language.go:102.2,103.16 2 0
code-analyser/runners/language.go:107.2,107.28 1 0
code-analyser/runners/language.go:111.2,114.36 2 0
code-analyser/runners/language.go:117.2,117.28 1 0
code-analyser/runners/language.go:99.22,101.3 1 0
code-analyser/runners/language.go:103.16,106.3 2 0
code-analyser/runners/language.go:107.28,110.3 2 0
code-analyser/runners/language.go:114.36,116.3 1 0
code-analyser/runners/language.go:120.125,122.15 2 1
code-analyser/runners/language.go:127.2,140.50 5 1
code-analyser/runners/language.go:144.2,147.50 3 1
code-analyser/runners/language.go:151.2,154.52 3 1
code-analyser/runners/language.go:158.2,161.56 3 1
code-analyser/runners/language.go:165.2,168.54 3 1
code-analyser/runners/language.go:172.2,174.18 2 1
code-analyser/runners/language.go:122.15,123.23 1 1
code-analyser/runners/language.go:123.23,125.4 1 0
code-analyser/runners/language.go:140.50,143.3 2 0
code-analyser/runners/language.go:147.50,150.3 2 0
code-analyser/runners/language.go:154.52,157.3 2 0
code-analyser/runners/language.go:161.56,164.3 2 0
code-analyser/runners/language.go:168.54,171.3 2 0
code-analyser/runners/language.go:178.120,180.22 2 0
code-analyser/runners/language.go:183.2,184.16 2 0
code-analyser/runners/language.go:187.2,187.33 1 0
code-analyser/runners/language.go:190.2,190.69 1 0
code-analyser/runners/language.go:180.22,182.3 1 0
code-analyser/runners/language.go:184.16,186.3 1 0
code-analyser/runners/language.go:187.33,189.3 1 0
code-analyser/runners/language.go:194.161,198.74 4 1
code-analyser/runners/language.go:205.2,205.32 1 1
code-analyser/runners/language.go:232.2,232.12 1 0
code-analyser/runners/language.go:198.74,199.88 1 1
code-analyser/runners/language.go:199.88,202.9 3 1
code-analyser/runners/language.go:205.32,207.16 2 1
code-analyser/runners/language.go:212.3,216.17 2 1
code-analyser/runners/language.go:220.3,220.40 1 1
code-analyser/runners/language.go:224.3,229.25 6 1
code-analyser/runners/language.go:207.16,208.24 1 1
code-analyser/runners/language.go:208.24,210.5 1 0
code-analyser/runners/language.go:216.17,219.4 2 0
code-analyser/runners/language.go:220.40,223.4 2 0
code-analyser/runners/db.go:17.138,19.57 2 1
code-analyser/runners/db.go:34.2,34.11 1 1
code-analyser/runners/db.go:19.57,20.72 1 1
code-analyser/runners/db.go:20.72,21.63 1 1
code-analyser/runners/db.go:21.63,22.69 1 1
code-analyser/runners/db.go:22.69,23.77 1 1
code-analyser/runners/db.go:23.77,28.7 1 1
code-analyser/runners/db.go:38.109,43.40 2 1
code-analyser/runners/db.go:50.2,50.18 1 1
code-analyser/runners/db.go:43.40,45.20 2 1
code-analyser/runners/db.go:45.20,48.4 2 1
code-analyser/runners/db.go:56.116,58.22 2 1
code-analyser/runners/db.go:61.2,65.39 2 1
code-analyser/runners/db.go:70.2,70.18 1 1
code-analyser/runners/db.go:87.2,87.12 1 0
code-analyser/runners/db.go:58.22,60.3 1 0
code-analyser/runners/db.go:65.39,68.3 2 1
code-analyser/runners/db.go:70.18,75.43 2 1
code-analyser/runners/db.go:79.3,79.22 1 1
code-analyser/runners/db.go:75.43,78.4 2 0
code-analyser/runners/db.go:79.22,85.4 1 1
code-analyser/runners/global.go:14.166,16.22 2 1
code-analyser/runners/global.go:19.2,20.16 2 1
code-analyser/runners/global.go:24.2,24.35 1 1
code-analyser/runners/global.go:28.2,29.16 2 1
code-analyser/runners/global.go:33.2,33.42 1 1
code-analyser/runners/global.go:37.2,37.79 1 1
code-analyser/runners/global.go:16.22,18.3 1 0
code-analyser/runners/global.go:20.16,23.3 2 0
code-analyser/runners/global.go:24.35,27.3 2 0
code-analyser/runners/global.go:29.16,32.3 2 0
code-analyser/runners/global.go:33.42,36.3 2 0
code-analyser/runners/global.go:40.117,42.22 2 1
code-analyser/runners/global.go:45.2,47.16 3 1
code-analyser/runners/global.go:51.2,51.33 1 1
code-analyser/runners/global.go:55.2,56.23 2 1
code-analyser/runners/global.go:42.22,44.3 1 0
code-analyser/runners/global.go:47.16,50.3 2 0
code-analyser/runners/global.go:51.33,54.3 2 0
code-analyser/runners/global.go:59.117,61.22 2 1
code-analyser/runners/global.go:64.2,66.16 3 1
code-analyser/runners/global.go:70.2,70.33 1 1
code-analyser/runners/global.go:74.2,75.23 2 1
code-analyser/runners/global.go:61.22,63.3 1 0
code-analyser/runners/global.go:66.16,69.3 2 0
code-analyser/runners/global.go:70.33,73.3 2 0
code-analyser/runners/global.go:78.119,80.15 2 0
code-analyser/runners/global.go:85.2,98.50 5 0
code-analyser/runners/global.go:102.2,105.50 3 0
code-analyser/runners/global.go:109.2,112.52 3 0
code-analyser/runners/global.go:116.2,119.56 3 0
code-analyser/runners/global.go:123.2,126.54 3 0
code-analyser/runners/global.go:130.2,132.18 2 0
code-analyser/runners/global.go:80.15,81.23 1 0
code-analyser/runners/global.go:81.23,83.4 1 0
code-analyser/runners/global.go:98.50,101.3 2 0
code-analyser/runners/global.go:105.50,108.3 2 0
code-analyser/runners/global.go:112.52,115.3 2 0
code-analyser/runners/global.go:119.56,122.3 2 0
code-analyser/runners/global.go:126.54,129.3 2 0
code-analyser/runners/library.go:12.143,14.62 2 1
code-analyser/runners/library.go:26.2,26.16 1 1
code-analyser/runners/library.go:14.62,15.51 1 1
code-analyser/runners/library.go:15.51,16.57 1 1
code-analyser/runners/library.go:16.57,17.63 1 1
code-analyser/runners/library.go:17.63,22.6 1 1
code-analyser/runners/library.go:29.126,31.55 2 1
code-analyser/runners/library.go:37.2,37.23 1 1
code-analyser/runners/library.go:31.55,33.20 2 1
code-analyser/runners/library.go:33.20,35.4 1 1
code-analyser/runners/library.go:41.137,43.22 2 1
code-analyser/runners/library.go:46.2,50.39 2 1
code-analyser/runners/library.go:54.2,54.18 1 1
code-analyser/runners/library.go:81.2,81.12 1 0
code-analyser/runners/library.go:43.22,45.3 1 0
code-analyser/runners/library.go:50.39,53.3 2 1
code-analyser/runners/library.go:54.18,59.43 2 1
code-analyser/runners/library.go:63.3,63.22 1 1
code-analyser/runners/library.go:59.43,62.4 2 0
code-analyser/runners/library.go:63.22,68.46 2 1
code-analyser/runners/library.go:72.4,78.5 1 1
code-analyser/runners/library.go:68.46,71.5 2 0
code-analyser/main.go:13.13,25.2 3 0
code-analyser/main.go:28.62,44.33 10 1
code-analyser/main.go:47.2,47.37 1 1
code-analyser/main.go:86.2,86.27 1 1
code-analyser/main.go:44.33,46.3 1 1
code-analyser/main.go:47.37,48.33 1 1
code-analyser/main.go:48.33,50.67 2 1
code-analyser/main.go:58.4,58.26 1 1
code-analyser/main.go:62.4,71.28 4 1
code-analyser/main.go:74.4,82.43 6 1
code-analyser/main.go:50.67,51.48 1 1
code-analyser/main.go:51.48,53.11 2 1
code-analyser/main.go:58.26,59.13 1 0
code-analyser/main.go:71.28,72.13 1 0
code-analyser/pluginDetails.go:23.78,26.16 3 1
code-analyser/pluginDetails.go:29.2,32.16 3 1
code-analyser/pluginDetails.go:35.2,35.103 1 1
code-analyser/pluginDetails.go:40.2,40.19 1 1
code-analyser/pluginDetails.go:26.16,28.3 1 0
code-analyser/pluginDetails.go:32.16,34.3 1 0
code-analyser/pluginDetails.go:35.103,37.3 1 1
code-analyser/pluginDetails.go:37.8,39.3 1 0
code-analyser/pluginDetails.go:44.76,47.56 2 1
code-analyser/pluginDetails.go:57.2,57.16 1 1
code-analyser/pluginDetails.go:60.2,63.48 3 1
code-analyser/pluginDetails.go:86.2,87.21 2 1
code-analyser/pluginDetails.go:47.56,48.18 1 1
code-analyser/pluginDetails.go:51.4,51.43 1 1
code-analyser/pluginDetails.go:55.4,55.14 1 1
code-analyser/pluginDetails.go:48.18,50.5 1 0
code-analyser/pluginDetails.go:51.43,54.5 2 1
code-analyser/pluginDetails.go:57.16,59.3 1 0
code-analyser/pluginDetails.go:63.48,66.13 3 1
code-analyser/pluginDetails.go:66.13,70.28 3 1
code-analyser/pluginDetails.go:70.28,72.28 2 1
code-analyser/pluginDetails.go:73.23,74.50 1 1
code-analyser/pluginDetails.go:75.21,76.48 1 1
code-analyser/pluginDetails.go:77.21,78.48 1 1
code-analyser/pluginDetails.go:79.21,80.48 1 1
code-analyser/pluginDetails.go:91.86,94.56 2 1
code-analyser/pluginDetails.go:110.2,110.16 1 1
code-analyser/pluginDetails.go:113.2,131.48 3 1
code-analyser/pluginDetails.go:243.2,244.27 2 1
code-analyser/pluginDetails.go:94.56,95.18 1 1
code-analyser/pluginDetails.go:98.4,98.43 1 1
code-analyser/pluginDetails.go:108.4,108.14 1 1
code-analyser/pluginDetails.go:95.18,97.5 1 0
code-analyser/pluginDetails.go:98.43,107.5 2 1
code-analyser/pluginDetails.go:110.16,112.3 1 0
code-analyser/pluginDetails.go:131.48,134.13 3 1
code-analyser/pluginDetails.go:134.13,137.28 3 1
code-analyser/pluginDetails.go:137.28,139.28 2 1
code-analyser/pluginDetails.go:140.22,141.70 1 1
code-analyser/pluginDetails.go:158.26,159.66 1 1
code-analyser/pluginDetails.go:160.21,161.54 1 1
code-analyser/pluginDetails.go:162.16,163.62 1 1
code-analyser/pluginDetails.go:164.29,165.62 1 1
code-analyser/pluginDetails.go:166.25,167.65 1 0
code-analyser/pluginDetails.go:168.27,169.67 1 0
code-analyser/pluginDetails.go:170.30,171.68 1 1
code-analyser/pluginDetails.go:172.16,173.65 1 1
code-analyser/pluginDetails.go:189.20,190.70 1 1
code-analyser/pluginDetails.go:207.21,208.70 1 1
code-analyser/pluginDetails.go:224.28,225.51 1 1
code-analyser/pluginDetails.go:141.70,147.7 1 1
code-analyser/pluginDetails.go:147.12,157.7 1 1
code-analyser/pluginDetails.go:173.65,179.7 1 0
code-analyser/pluginDetails.go:179.12,188.7 1 1
code-analyser/pluginDetails.go:190.70,196.7 1 0
code-analyser/pluginDetails.go:196.12,206.7 1 1
code-analyser/pluginDetails.go:208.70,214.7 1 0
code-analyser/pluginDetails.go:214.12,223.7 1 1
code-analyser/pluginDetails.go:225.51,230.7 1 0
code-analyser/pluginDetails.go:230.12,237.7 1 1
code-analyser/pluginDetails.go:250.73,253.16 3 1
code-analyser/pluginDetails.go:256.2,259.16 3 1
code-analyser/pluginDetails.go:262.2,262.19 1 1
code-analyser/pluginDetails.go:253.16,255.3 1 0
code-analyser/pluginDetails.go:259.16,261.3 1 0
code-analyser/runPlugins.go:13.150,17.12 4 1
code-analyser/runPlugins.go:23.2,23.12 1 1
code-analyser/runPlugins.go:29.2,29.12 1 1
code-analyser/runPlugins.go:17.12,22.3 4 1
code-analyser/runPlugins.go:23.12,28.3 4 1
code-analyser/runPlugins.go:29.12,34.3 4 1
code-analyser/runPlugins.go:38.347,42.12 4 1
code-analyser/runPlugins.go:54.2,54.12 1 1
code-analyser/runPlugins.go:60.2,60.12 1 1
code-analyser/runPlugins.go:66.2,66.12 1 1
code-analyser/runPlugins.go:73.2,73.12 1 1
code-analyser/runPlugins.go:79.2,79.12 1 1
code-analyser/runPlugins.go:88.2,88.12 1 1
code-analyser/runPlugins.go:99.2,99.12 1 1
code-analyser/runPlugins.go:105.2,105.12 1 1
code-analyser/runPlugins.go:115.2,115.12 1 1
code-analyser/runPlugins.go:126.2,126.11 1 1
code-analyser/runPlugins.go:42.12,44.35 2 1
code-analyser/runPlugins.go:44.35,51.4 3 1
code-analyser/runPlugins.go:54.12,59.3 4 1
code-analyser/runPlugins.go:60.12,65.3 4 1
code-analyser/runPlugins.go:66.12,72.3 4 1
code-analyser/runPlugins.go:73.12,78.3 4 1
code-analyser/runPlugins.go:79.12,81.43 2 1
code-analyser/runPlugins.go:81.43,85.4 3 1
code-analyser/runPlugins.go:88.12,90.46 2 1
code-analyser/runPlugins.go:90.46,97.4 3 0
code-analyser/runPlugins.go:99.12,104.3 4 1
code-analyser/runPlugins.go:105.12,106.48 1 1
code-analyser/runPlugins.go:106.48,113.4 3 0
code-analyser/runPlugins.go:115.12,117.49 2 1
code-analyser/runPlugins.go:117.49,124.4 3 1
